09-Nov-2021 13:09:22.905 INFO [main] org.apache.catalina.startup.VersionLoggerListener.log Server version name:   Apache Tomcat/10.0.12
09-Nov-2021 13:09:22.909 INFO [main] org.apache.catalina.startup.VersionLoggerListener.log Server built:          Sep 28 2021 13:34:21 UTC
09-Nov-2021 13:09:22.911 INFO [main] org.apache.catalina.startup.VersionLoggerListener.log Server version number: 10.0.12.0
09-Nov-2021 13:09:22.911 INFO [main] org.apache.catalina.startup.VersionLoggerListener.log OS Name:               Windows 10
09-Nov-2021 13:09:22.912 INFO [main] org.apache.catalina.startup.VersionLoggerListener.log OS Version:            10.0
09-Nov-2021 13:09:22.913 INFO [main] org.apache.catalina.startup.VersionLoggerListener.log Architecture:          amd64
09-Nov-2021 13:09:22.913 INFO [main] org.apache.catalina.startup.VersionLoggerListener.log Java Home:             C:\Program Files\Java\jdk1.8.0_261\jre
09-Nov-2021 13:09:22.916 INFO [main] org.apache.catalina.startup.VersionLoggerListener.log JVM Version:           1.8.0_261-b12
09-Nov-2021 13:09:22.917 INFO [main] org.apache.catalina.startup.VersionLoggerListener.log JVM Vendor:            Oracle Corporation
09-Nov-2021 13:09:22.918 INFO [main] org.apache.catalina.startup.VersionLoggerListener.log CATALINA_BASE:         C:\Users\Sampada\Desktop\Student Mgnt Sys Project\apache-tomcat-10.0.12
09-Nov-2021 13:09:22.919 INFO [main] org.apache.catalina.startup.VersionLoggerListener.log CATALINA_HOME:         C:\Users\Sampada\Desktop\Student Mgnt Sys Project\apache-tomcat-10.0.12
09-Nov-2021 13:09:22.920 INFO [main] org.apache.catalina.startup.VersionLoggerListener.log Command line argument: -Djava.util.logging.config.file=C:\Users\Sampada\Desktop\Student Mgnt Sys Project\apache-tomcat-10.0.12\conf\logging.properties
09-Nov-2021 13:09:22.920 INFO [main] org.apache.catalina.startup.VersionLoggerListener.log Command line argument: -Djava.util.logging.manager=org.apache.juli.ClassLoaderLogManager
09-Nov-2021 13:09:22.921 INFO [main] org.apache.catalina.startup.VersionLoggerListener.log Command line argument: -Djdk.tls.ephemeralDHKeySize=2048
09-Nov-2021 13:09:22.935 INFO [main] org.apache.catalina.startup.VersionLoggerListener.log Server version name:   Apache Tomcat/10.0.12
09-Nov-2021 13:09:22.938 INFO [main] org.apache.catalina.startup.VersionLoggerListener.log Server built:          Sep 28 2021 13:34:21 UTC
09-Nov-2021 13:09:22.939 INFO [main] org.apache.catalina.startup.VersionLoggerListener.log Server version number: 10.0.12.0
09-Nov-2021 13:09:22.939 INFO [main] org.apache.catalina.startup.VersionLoggerListener.log OS Name:               Windows 10
09-Nov-2021 13:09:22.939 INFO [main] org.apache.catalina.startup.VersionLoggerListener.log OS Version:            10.0
09-Nov-2021 13:09:22.939 INFO [main] org.apache.catalina.startup.VersionLoggerListener.log Architecture:          amd64
09-Nov-2021 13:09:22.939 INFO [main] org.apache.catalina.startup.VersionLoggerListener.log Java Home:             C:\Program Files\Java\jdk1.8.0_261\jre
09-Nov-2021 13:09:22.940 INFO [main] org.apache.catalina.startup.VersionLoggerListener.log JVM Version:           1.8.0_261-b12
09-Nov-2021 13:09:22.940 INFO [main] org.apache.catalina.startup.VersionLoggerListener.log JVM Vendor:            Oracle Corporation
09-Nov-2021 13:09:22.940 INFO [main] org.apache.catalina.startup.VersionLoggerListener.log CATALINA_BASE:         C:\Users\Sampada\Desktop\Student Mgnt Sys Project\apache-tomcat-10.0.12
09-Nov-2021 13:09:22.940 INFO [main] org.apache.catalina.startup.VersionLoggerListener.log CATALINA_HOME:         C:\Users\Sampada\Desktop\Student Mgnt Sys Project\apache-tomcat-10.0.12
09-Nov-2021 13:09:22.943 INFO [main] org.apache.catalina.startup.VersionLoggerListener.log Command line argument: -Djava.util.logging.config.file=C:\Users\Sampada\Desktop\Student Mgnt Sys Project\apache-tomcat-10.0.12\conf\logging.properties
09-Nov-2021 13:09:22.921 INFO [main] org.apache.catalina.startup.VersionLoggerListener.log Command line argument: -Djava.protocol.handler.pkgs=org.apache.catalina.webresources
09-Nov-2021 13:09:22.943 INFO [main] org.apache.catalina.startup.VersionLoggerListener.log Command line argument: -Djava.util.logging.manager=org.apache.juli.ClassLoaderLogManager
09-Nov-2021 13:09:22.921 INFO [main] org.apache.catalina.startup.VersionLoggerListener.log Command line argument: -Dignore.endorsed.dirs=
09-Nov-2021 13:09:22.944 INFO [main] org.apache.catalina.startup.VersionLoggerListener.log Command line argument: -Djdk.tls.ephemeralDHKeySize=2048
09-Nov-2021 13:09:22.921 INFO [main] org.apache.catalina.startup.VersionLoggerListener.log Command line argument: -Dcatalina.base=C:\Users\Sampada\Desktop\Student Mgnt Sys Project\apache-tomcat-10.0.12
09-Nov-2021 13:09:22.944 INFO [main] org.apache.catalina.startup.VersionLoggerListener.log Command line argument: -Djava.protocol.handler.pkgs=org.apache.catalina.webresources
09-Nov-2021 13:09:22.923 INFO [main] org.apache.catalina.startup.VersionLoggerListener.log Command line argument: -Dcatalina.home=C:\Users\Sampada\Desktop\Student Mgnt Sys Project\apache-tomcat-10.0.12
09-Nov-2021 13:09:22.923 INFO [main] org.apache.catalina.startup.VersionLoggerListener.log Command line argument: -Djava.io.tmpdir=C:\Users\Sampada\Desktop\Student Mgnt Sys Project\apache-tomcat-10.0.12\temp
09-Nov-2021 13:09:22.945 INFO [main] org.apache.catalina.startup.VersionLoggerListener.log Command line argument: -Dignore.endorsed.dirs=
09-Nov-2021 13:09:22.945 INFO [main] org.apache.catalina.startup.VersionLoggerListener.log Command line argument: -Dcatalina.base=C:\Users\Sampada\Desktop\Student Mgnt Sys Project\apache-tomcat-10.0.12
09-Nov-2021 13:09:22.946 INFO [main] org.apache.catalina.startup.VersionLoggerListener.log Command line argument: -Dcatalina.home=C:\Users\Sampada\Desktop\Student Mgnt Sys Project\apache-tomcat-10.0.12
09-Nov-2021 13:09:22.946 INFO [main] org.apache.catalina.startup.VersionLoggerListener.log Command line argument: -Djava.io.tmpdir=C:\Users\Sampada\Desktop\Student Mgnt Sys Project\apache-tomcat-10.0.12\temp
09-Nov-2021 13:09:23.780 INFO [main] org.apache.catalina.core.AprLifecycleListener.lifecycleEvent Loaded Apache Tomcat Native library [1.2.31] using APR version [1.7.0].
09-Nov-2021 13:09:23.780 INFO [main] org.apache.catalina.core.AprLifecycleListener.lifecycleEvent APR capabilities: IPv6 [true], sendfile [true], accept filters [false], random [true], UDS [true].
09-Nov-2021 13:09:23.870 INFO [main] org.apache.catalina.core.AprLifecycleListener.initializeSSL OpenSSL successfully initialized [OpenSSL 1.1.1l  24 Aug 2021]
09-Nov-2021 13:09:24.770 INFO [main] org.apache.coyote.AbstractProtocol.init Initializing ProtocolHandler ["http-nio-8080"]
09-Nov-2021 13:09:24.813 SEVERE [main] org.apache.catalina.util.LifecycleBase.handleSubClassException Failed to initialize component [Connector[HTTP/1.1-8080]]
	org.apache.catalina.LifecycleException: Protocol handler initialization failed
		at org.apache.catalina.connector.Connector.initInternal(Connector.java:1055)
		at org.apache.catalina.util.LifecycleBase.init(LifecycleBase.java:136)
		at org.apache.catalina.core.StandardService.initInternal(StandardService.java:556)
		at org.apache.catalina.util.LifecycleBase.init(LifecycleBase.java:136)
		at org.apache.catalina.core.StandardServer.initInternal(StandardServer.java:1042)
		at org.apache.catalina.util.LifecycleBase.init(LifecycleBase.java:136)
		at org.apache.catalina.startup.Catalina.load(Catalina.java:747)
		at org.apache.catalina.startup.Catalina.load(Catalina.java:769)
		at sun.reflect.NativeMethodAccessorImpl.invoke0(Native Method)
		at sun.reflect.NativeMethodAccessorImpl.invoke(NativeMethodAccessorImpl.java:62)
		at sun.reflect.DelegatingMethodAccessorImpl.invoke(DelegatingMethodAccessorImpl.java:43)
		at java.lang.reflect.Method.invoke(Method.java:498)
		at org.apache.catalina.startup.Bootstrap.load(Bootstrap.java:305)
		at org.apache.catalina.startup.Bootstrap.main(Bootstrap.java:475)
	Caused by: java.net.BindException: Address already in use: bind
		at sun.nio.ch.Net.bind0(Native Method)
		at sun.nio.ch.Net.bind(Net.java:444)
		at sun.nio.ch.Net.bind(Net.java:436)
		at sun.nio.ch.ServerSocketChannelImpl.bind(ServerSocketChannelImpl.java:225)
		at org.apache.tomcat.util.net.NioEndpoint.initServerSocket(NioEndpoint.java:242)
		at org.apache.tomcat.util.net.NioEndpoint.bind(NioEndpoint.java:197)
		at org.apache.tomcat.util.net.AbstractEndpoint.bindWithCleanup(AbstractEndpoint.java:1179)
		at org.apache.tomcat.util.net.AbstractEndpoint.init(AbstractEndpoint.java:1192)
		at org.apache.coyote.AbstractProtocol.init(AbstractProtocol.java:580)
		at org.apache.coyote.http11.AbstractHttp11Protocol.init(AbstractHttp11Protocol.java:82)
		at org.apache.catalina.connector.Connector.initInternal(Connector.java:1052)
		... 13 more
09-Nov-2021 13:09:24.833 INFO [main] org.apache.catalina.startup.Catalina.load Server initialization in [2638] milliseconds
09-Nov-2021 13:09:24.899 INFO [main] org.apache.catalina.core.StandardService.startInternal Starting service [Catalina]
09-Nov-2021 13:09:24.899 INFO [main] org.apache.catalina.core.StandardEngine.startInternal Starting Servlet engine: [Apache Tomcat/10.0.12]
09-Nov-2021 13:09:24.924 INFO [main] org.apache.catalina.startup.HostConfig.deployDirectory Deploying web application directory [C:\Users\Sampada\Desktop\Student Mgnt Sys Project\apache-tomcat-10.0.12\webapps\docs]
09-Nov-2021 13:09:25.751 WARNING [main] org.apache.catalina.util.SessionIdGeneratorBase.createSecureRandom Creation of SecureRandom instance for session ID generation using [SHA1PRNG] took [205] milliseconds.
09-Nov-2021 13:09:25.792 INFO [main] org.apache.catalina.startup.HostConfig.deployDirectory Deployment of web application directory [C:\Users\Sampada\Desktop\Student Mgnt Sys Project\apache-tomcat-10.0.12\webapps\docs] has finished in [867] ms
09-Nov-2021 13:09:25.794 INFO [main] org.apache.catalina.startup.HostConfig.deployDirectory Deploying web application directory [C:\Users\Sampada\Desktop\Student Mgnt Sys Project\apache-tomcat-10.0.12\webapps\examples]
09-Nov-2021 13:09:28.474 INFO [main] org.apache.catalina.startup.HostConfig.deployDirectory Deployment of web application directory [C:\Users\Sampada\Desktop\Student Mgnt Sys Project\apache-tomcat-10.0.12\webapps\examples] has finished in [2,681] ms
09-Nov-2021 13:09:28.495 INFO [main] org.apache.catalina.startup.HostConfig.deployDirectory Deploying web application directory [C:\Users\Sampada\Desktop\Student Mgnt Sys Project\apache-tomcat-10.0.12\webapps\host-manager]
09-Nov-2021 13:09:28.714 INFO [main] org.apache.catalina.startup.HostConfig.deployDirectory Deployment of web application directory [C:\Users\Sampada\Desktop\Student Mgnt Sys Project\apache-tomcat-10.0.12\webapps\host-manager] has finished in [220] ms
09-Nov-2021 13:09:28.724 INFO [main] org.apache.catalina.startup.HostConfig.deployDirectory Deploying web application directory [C:\Users\Sampada\Desktop\Student Mgnt Sys Project\apache-tomcat-10.0.12\webapps\manager]
09-Nov-2021 13:09:28.865 INFO [main] org.apache.catalina.startup.HostConfig.deployDirectory Deployment of web application directory [C:\Users\Sampada\Desktop\Student Mgnt Sys Project\apache-tomcat-10.0.12\webapps\manager] has finished in [141] ms
09-Nov-2021 13:09:28.865 INFO [main] org.apache.catalina.startup.HostConfig.deployDirectory Deploying web application directory [C:\Users\Sampada\Desktop\Student Mgnt Sys Project\apache-tomcat-10.0.12\webapps\ROOT]
09-Nov-2021 13:09:28.956 INFO [main] org.apache.catalina.startup.HostConfig.deployDirectory Deployment of web application directory [C:\Users\Sampada\Desktop\Student Mgnt Sys Project\apache-tomcat-10.0.12\webapps\ROOT] has finished in [91] ms
09-Nov-2021 13:09:28.964 INFO [main] org.apache.catalina.startup.Catalina.start Server startup in [4126] milliseconds
