10-Nov-2021 13:38:21.758 INFO [main] org.apache.catalina.startup.VersionLoggerListener.log Server version name:   Apache Tomcat/10.0.12
10-Nov-2021 13:38:21.814 INFO [main] org.apache.catalina.startup.VersionLoggerListener.log Server built:          Sep 28 2021 13:34:21 UTC
10-Nov-2021 13:38:21.815 INFO [main] org.apache.catalina.startup.VersionLoggerListener.log Server version number: 10.0.12.0
10-Nov-2021 13:38:21.817 INFO [main] org.apache.catalina.startup.VersionLoggerListener.log OS Name:               Windows 10
10-Nov-2021 13:38:21.817 INFO [main] org.apache.catalina.startup.VersionLoggerListener.log OS Version:            10.0
10-Nov-2021 13:38:21.817 INFO [main] org.apache.catalina.startup.VersionLoggerListener.log Architecture:          amd64
10-Nov-2021 13:38:21.818 INFO [main] org.apache.catalina.startup.VersionLoggerListener.log Java Home:             C:\Program Files\Java\jdk1.8.0_261\jre
10-Nov-2021 13:38:21.818 INFO [main] org.apache.catalina.startup.VersionLoggerListener.log JVM Version:           1.8.0_261-b12
10-Nov-2021 13:38:21.818 INFO [main] org.apache.catalina.startup.VersionLoggerListener.log JVM Vendor:            Oracle Corporation
10-Nov-2021 13:38:21.819 INFO [main] org.apache.catalina.startup.VersionLoggerListener.log CATALINA_BASE:         C:\Users\Sampada\Desktop\Student Mgnt Sys Project\apache-tomcat-10.0.12
10-Nov-2021 13:38:21.819 INFO [main] org.apache.catalina.startup.VersionLoggerListener.log CATALINA_HOME:         C:\Users\Sampada\Desktop\Student Mgnt Sys Project\apache-tomcat-10.0.12
10-Nov-2021 13:38:21.848 INFO [main] org.apache.catalina.startup.VersionLoggerListener.log Command line argument: -Djava.util.logging.config.file=C:\Users\Sampada\Desktop\Student Mgnt Sys Project\apache-tomcat-10.0.12\conf\logging.properties
10-Nov-2021 13:38:21.849 INFO [main] org.apache.catalina.startup.VersionLoggerListener.log Command line argument: -Djava.util.logging.manager=org.apache.juli.ClassLoaderLogManager
10-Nov-2021 13:38:21.868 INFO [main] org.apache.catalina.startup.VersionLoggerListener.log Command line argument: -Djdk.tls.ephemeralDHKeySize=2048
10-Nov-2021 13:38:21.869 INFO [main] org.apache.catalina.startup.VersionLoggerListener.log Command line argument: -Djava.protocol.handler.pkgs=org.apache.catalina.webresources
10-Nov-2021 13:38:21.869 INFO [main] org.apache.catalina.startup.VersionLoggerListener.log Command line argument: -Dignore.endorsed.dirs=
10-Nov-2021 13:38:21.871 INFO [main] org.apache.catalina.startup.VersionLoggerListener.log Command line argument: -Dcatalina.base=C:\Users\Sampada\Desktop\Student Mgnt Sys Project\apache-tomcat-10.0.12
10-Nov-2021 13:38:21.883 INFO [main] org.apache.catalina.startup.VersionLoggerListener.log Command line argument: -Dcatalina.home=C:\Users\Sampada\Desktop\Student Mgnt Sys Project\apache-tomcat-10.0.12
10-Nov-2021 13:38:21.885 INFO [main] org.apache.catalina.startup.VersionLoggerListener.log Command line argument: -Djava.io.tmpdir=C:\Users\Sampada\Desktop\Student Mgnt Sys Project\apache-tomcat-10.0.12\temp
10-Nov-2021 13:38:21.966 INFO [main] org.apache.catalina.core.AprLifecycleListener.lifecycleEvent Loaded Apache Tomcat Native library [1.2.31] using APR version [1.7.0].
10-Nov-2021 13:38:21.967 INFO [main] org.apache.catalina.core.AprLifecycleListener.lifecycleEvent APR capabilities: IPv6 [true], sendfile [true], accept filters [false], random [true], UDS [true].
10-Nov-2021 13:38:21.998 INFO [main] org.apache.catalina.core.AprLifecycleListener.initializeSSL OpenSSL successfully initialized [OpenSSL 1.1.1l  24 Aug 2021]
10-Nov-2021 13:38:23.458 INFO [main] org.apache.coyote.AbstractProtocol.init Initializing ProtocolHandler ["http-nio-8080"]
10-Nov-2021 13:38:23.641 SEVERE [main] org.apache.catalina.util.LifecycleBase.handleSubClassException Failed to initialize component [Connector[HTTP/1.1-8080]]
	org.apache.catalina.LifecycleException: Protocol handler initialization failed
		at org.apache.catalina.connector.Connector.initInternal(Connector.java:1055)
		at org.apache.catalina.util.LifecycleBase.init(LifecycleBase.java:136)
		at org.apache.catalina.core.StandardService.initInternal(StandardService.java:556)
		at org.apache.catalina.util.LifecycleBase.init(LifecycleBase.java:136)
		at org.apache.catalina.core.StandardServer.initInternal(StandardServer.java:1042)
		at org.apache.catalina.util.LifecycleBase.init(LifecycleBase.java:136)
		at org.apache.catalina.startup.Catalina.load(Catalina.java:747)
		at org.apache.catalina.startup.Catalina.load(Catalina.java:769)
		at sun.reflect.NativeMethodAccessorImpl.invoke0(Native Method)
		at sun.reflect.NativeMethodAccessorImpl.invoke(NativeMethodAccessorImpl.java:62)
		at sun.reflect.DelegatingMethodAccessorImpl.invoke(DelegatingMethodAccessorImpl.java:43)
		at java.lang.reflect.Method.invoke(Method.java:498)
		at org.apache.catalina.startup.Bootstrap.load(Bootstrap.java:305)
		at org.apache.catalina.startup.Bootstrap.main(Bootstrap.java:475)
	Caused by: java.net.BindException: Address already in use: bind
		at sun.nio.ch.Net.bind0(Native Method)
		at sun.nio.ch.Net.bind(Net.java:444)
		at sun.nio.ch.Net.bind(Net.java:436)
		at sun.nio.ch.ServerSocketChannelImpl.bind(ServerSocketChannelImpl.java:225)
		at org.apache.tomcat.util.net.NioEndpoint.initServerSocket(NioEndpoint.java:242)
		at org.apache.tomcat.util.net.NioEndpoint.bind(NioEndpoint.java:197)
		at org.apache.tomcat.util.net.AbstractEndpoint.bindWithCleanup(AbstractEndpoint.java:1179)
		at org.apache.tomcat.util.net.AbstractEndpoint.init(AbstractEndpoint.java:1192)
		at org.apache.coyote.AbstractProtocol.init(AbstractProtocol.java:580)
		at org.apache.coyote.http11.AbstractHttp11Protocol.init(AbstractHttp11Protocol.java:82)
		at org.apache.catalina.connector.Connector.initInternal(Connector.java:1052)
		... 13 more
10-Nov-2021 13:38:23.644 INFO [main] org.apache.catalina.startup.Catalina.load Server initialization in [2932] milliseconds
10-Nov-2021 13:38:23.754 INFO [main] org.apache.catalina.core.StandardService.startInternal Starting service [Catalina]
10-Nov-2021 13:38:23.755 INFO [main] org.apache.catalina.core.StandardEngine.startInternal Starting Servlet engine: [Apache Tomcat/10.0.12]
10-Nov-2021 13:38:23.787 INFO [main] org.apache.catalina.startup.HostConfig.deployDirectory Deploying web application directory [C:\Users\Sampada\Desktop\Student Mgnt Sys Project\apache-tomcat-10.0.12\webapps\docs]
10-Nov-2021 13:38:24.948 WARNING [main] org.apache.catalina.util.SessionIdGeneratorBase.createSecureRandom Creation of SecureRandom instance for session ID generation using [SHA1PRNG] took [260] milliseconds.
10-Nov-2021 13:38:25.056 INFO [main] org.apache.catalina.startup.HostConfig.deployDirectory Deployment of web application directory [C:\Users\Sampada\Desktop\Student Mgnt Sys Project\apache-tomcat-10.0.12\webapps\docs] has finished in [1,270] ms
10-Nov-2021 13:38:25.057 INFO [main] org.apache.catalina.startup.HostConfig.deployDirectory Deploying web application directory [C:\Users\Sampada\Desktop\Student Mgnt Sys Project\apache-tomcat-10.0.12\webapps\examples]
10-Nov-2021 13:38:27.794 INFO [main] org.apache.catalina.startup.HostConfig.deployDirectory Deployment of web application directory [C:\Users\Sampada\Desktop\Student Mgnt Sys Project\apache-tomcat-10.0.12\webapps\examples] has finished in [2,738] ms
10-Nov-2021 13:38:27.797 INFO [main] org.apache.catalina.startup.HostConfig.deployDirectory Deploying web application directory [C:\Users\Sampada\Desktop\Student Mgnt Sys Project\apache-tomcat-10.0.12\webapps\host-manager]
10-Nov-2021 13:38:28.032 INFO [main] org.apache.catalina.startup.HostConfig.deployDirectory Deployment of web application directory [C:\Users\Sampada\Desktop\Student Mgnt Sys Project\apache-tomcat-10.0.12\webapps\host-manager] has finished in [236] ms
10-Nov-2021 13:38:28.037 INFO [main] org.apache.catalina.startup.HostConfig.deployDirectory Deploying web application directory [C:\Users\Sampada\Desktop\Student Mgnt Sys Project\apache-tomcat-10.0.12\webapps\manager]
10-Nov-2021 13:38:28.181 INFO [main] org.apache.catalina.startup.HostConfig.deployDirectory Deployment of web application directory [C:\Users\Sampada\Desktop\Student Mgnt Sys Project\apache-tomcat-10.0.12\webapps\manager] has finished in [144] ms
10-Nov-2021 13:38:28.184 INFO [main] org.apache.catalina.startup.HostConfig.deployDirectory Deploying web application directory [C:\Users\Sampada\Desktop\Student Mgnt Sys Project\apache-tomcat-10.0.12\webapps\ROOT]
10-Nov-2021 13:38:28.318 INFO [main] org.apache.catalina.startup.HostConfig.deployDirectory Deployment of web application directory [C:\Users\Sampada\Desktop\Student Mgnt Sys Project\apache-tomcat-10.0.12\webapps\ROOT] has finished in [133] ms
10-Nov-2021 13:38:28.341 INFO [main] org.apache.catalina.startup.Catalina.start Server startup in [4691] milliseconds
10-Nov-2021 13:39:59.952 INFO [main] org.apache.catalina.startup.VersionLoggerListener.log Server version name:   Apache Tomcat/10.0.12
10-Nov-2021 13:39:59.957 INFO [main] org.apache.catalina.startup.VersionLoggerListener.log Server built:          Sep 28 2021 13:34:21 UTC
10-Nov-2021 13:39:59.958 INFO [main] org.apache.catalina.startup.VersionLoggerListener.log Server version number: 10.0.12.0
10-Nov-2021 13:39:59.959 INFO [main] org.apache.catalina.startup.VersionLoggerListener.log OS Name:               Windows 10
10-Nov-2021 13:39:59.960 INFO [main] org.apache.catalina.startup.VersionLoggerListener.log OS Version:            10.0
10-Nov-2021 13:39:59.960 INFO [main] org.apache.catalina.startup.VersionLoggerListener.log Architecture:          amd64
10-Nov-2021 13:39:59.961 INFO [main] org.apache.catalina.startup.VersionLoggerListener.log Java Home:             C:\Program Files\Java\jdk1.8.0_261\jre
10-Nov-2021 13:39:59.961 INFO [main] org.apache.catalina.startup.VersionLoggerListener.log JVM Version:           1.8.0_261-b12
10-Nov-2021 13:39:59.961 INFO [main] org.apache.catalina.startup.VersionLoggerListener.log JVM Vendor:            Oracle Corporation
10-Nov-2021 13:39:59.961 INFO [main] org.apache.catalina.startup.VersionLoggerListener.log CATALINA_BASE:         C:\Users\Sampada\Desktop\Student Mgnt Sys Project\apache-tomcat-10.0.12
10-Nov-2021 13:39:59.962 INFO [main] org.apache.catalina.startup.VersionLoggerListener.log CATALINA_HOME:         C:\Users\Sampada\Desktop\Student Mgnt Sys Project\apache-tomcat-10.0.12
10-Nov-2021 13:39:59.962 INFO [main] org.apache.catalina.startup.VersionLoggerListener.log Command line argument: -Djava.util.logging.config.file=C:\Users\Sampada\Desktop\Student Mgnt Sys Project\apache-tomcat-10.0.12\conf\logging.properties
10-Nov-2021 13:39:59.963 INFO [main] org.apache.catalina.startup.VersionLoggerListener.log Command line argument: -Djava.util.logging.manager=org.apache.juli.ClassLoaderLogManager
10-Nov-2021 13:39:59.963 INFO [main] org.apache.catalina.startup.VersionLoggerListener.log Command line argument: -Djdk.tls.ephemeralDHKeySize=2048
10-Nov-2021 13:39:59.963 INFO [main] org.apache.catalina.startup.VersionLoggerListener.log Command line argument: -Djava.protocol.handler.pkgs=org.apache.catalina.webresources
10-Nov-2021 13:39:59.964 INFO [main] org.apache.catalina.startup.VersionLoggerListener.log Command line argument: -Dignore.endorsed.dirs=
10-Nov-2021 13:39:59.967 INFO [main] org.apache.catalina.startup.VersionLoggerListener.log Command line argument: -Dcatalina.base=C:\Users\Sampada\Desktop\Student Mgnt Sys Project\apache-tomcat-10.0.12
10-Nov-2021 13:39:59.976 INFO [main] org.apache.catalina.startup.VersionLoggerListener.log Command line argument: -Dcatalina.home=C:\Users\Sampada\Desktop\Student Mgnt Sys Project\apache-tomcat-10.0.12
10-Nov-2021 13:39:59.979 INFO [main] org.apache.catalina.startup.VersionLoggerListener.log Command line argument: -Djava.io.tmpdir=C:\Users\Sampada\Desktop\Student Mgnt Sys Project\apache-tomcat-10.0.12\temp
10-Nov-2021 13:39:59.992 INFO [main] org.apache.catalina.core.AprLifecycleListener.lifecycleEvent Loaded Apache Tomcat Native library [1.2.31] using APR version [1.7.0].
10-Nov-2021 13:39:59.993 INFO [main] org.apache.catalina.core.AprLifecycleListener.lifecycleEvent APR capabilities: IPv6 [true], sendfile [true], accept filters [false], random [true], UDS [true].
10-Nov-2021 13:40:00.058 INFO [main] org.apache.catalina.core.AprLifecycleListener.initializeSSL OpenSSL successfully initialized [OpenSSL 1.1.1l  24 Aug 2021]
10-Nov-2021 13:40:01.552 INFO [main] org.apache.coyote.AbstractProtocol.init Initializing ProtocolHandler ["http-nio-8080"]
10-Nov-2021 13:40:01.663 SEVERE [main] org.apache.catalina.util.LifecycleBase.handleSubClassException Failed to initialize component [Connector[HTTP/1.1-8080]]
	org.apache.catalina.LifecycleException: Protocol handler initialization failed
		at org.apache.catalina.connector.Connector.initInternal(Connector.java:1055)
		at org.apache.catalina.util.LifecycleBase.init(LifecycleBase.java:136)
		at org.apache.catalina.core.StandardService.initInternal(StandardService.java:556)
		at org.apache.catalina.util.LifecycleBase.init(LifecycleBase.java:136)
		at org.apache.catalina.core.StandardServer.initInternal(StandardServer.java:1042)
		at org.apache.catalina.util.LifecycleBase.init(LifecycleBase.java:136)
		at org.apache.catalina.startup.Catalina.load(Catalina.java:747)
		at org.apache.catalina.startup.Catalina.load(Catalina.java:769)
		at sun.reflect.NativeMethodAccessorImpl.invoke0(Native Method)
		at sun.reflect.NativeMethodAccessorImpl.invoke(NativeMethodAccessorImpl.java:62)
		at sun.reflect.DelegatingMethodAccessorImpl.invoke(DelegatingMethodAccessorImpl.java:43)
		at java.lang.reflect.Method.invoke(Method.java:498)
		at org.apache.catalina.startup.Bootstrap.load(Bootstrap.java:305)
		at org.apache.catalina.startup.Bootstrap.main(Bootstrap.java:475)
	Caused by: java.net.BindException: Address already in use: bind
		at sun.nio.ch.Net.bind0(Native Method)
		at sun.nio.ch.Net.bind(Net.java:444)
		at sun.nio.ch.Net.bind(Net.java:436)
		at sun.nio.ch.ServerSocketChannelImpl.bind(ServerSocketChannelImpl.java:225)
		at org.apache.tomcat.util.net.NioEndpoint.initServerSocket(NioEndpoint.java:242)
		at org.apache.tomcat.util.net.NioEndpoint.bind(NioEndpoint.java:197)
		at org.apache.tomcat.util.net.AbstractEndpoint.bindWithCleanup(AbstractEndpoint.java:1179)
		at org.apache.tomcat.util.net.AbstractEndpoint.init(AbstractEndpoint.java:1192)
		at org.apache.coyote.AbstractProtocol.init(AbstractProtocol.java:580)
		at org.apache.coyote.http11.AbstractHttp11Protocol.init(AbstractHttp11Protocol.java:82)
		at org.apache.catalina.connector.Connector.initInternal(Connector.java:1052)
		... 13 more
10-Nov-2021 13:40:01.667 INFO [main] org.apache.catalina.startup.Catalina.load Server initialization in [2472] milliseconds
10-Nov-2021 13:40:01.788 INFO [main] org.apache.catalina.core.StandardService.startInternal Starting service [Catalina]
10-Nov-2021 13:40:01.790 INFO [main] org.apache.catalina.core.StandardEngine.startInternal Starting Servlet engine: [Apache Tomcat/10.0.12]
10-Nov-2021 13:40:01.843 INFO [main] org.apache.catalina.startup.HostConfig.deployDirectory Deploying web application directory [C:\Users\Sampada\Desktop\Student Mgnt Sys Project\apache-tomcat-10.0.12\webapps\docs]
10-Nov-2021 13:40:03.222 WARNING [main] org.apache.catalina.util.SessionIdGeneratorBase.createSecureRandom Creation of SecureRandom instance for session ID generation using [SHA1PRNG] took [423] milliseconds.
10-Nov-2021 13:40:03.320 INFO [main] org.apache.catalina.startup.HostConfig.deployDirectory Deployment of web application directory [C:\Users\Sampada\Desktop\Student Mgnt Sys Project\apache-tomcat-10.0.12\webapps\docs] has finished in [1,476] ms
10-Nov-2021 13:40:03.321 INFO [main] org.apache.catalina.startup.HostConfig.deployDirectory Deploying web application directory [C:\Users\Sampada\Desktop\Student Mgnt Sys Project\apache-tomcat-10.0.12\webapps\examples]
10-Nov-2021 13:40:04.612 INFO [main] org.apache.catalina.startup.HostConfig.deployDirectory Deployment of web application directory [C:\Users\Sampada\Desktop\Student Mgnt Sys Project\apache-tomcat-10.0.12\webapps\examples] has finished in [1,291] ms
10-Nov-2021 13:40:04.615 INFO [main] org.apache.catalina.startup.HostConfig.deployDirectory Deploying web application directory [C:\Users\Sampada\Desktop\Student Mgnt Sys Project\apache-tomcat-10.0.12\webapps\host-manager]
10-Nov-2021 13:40:04.783 INFO [main] org.apache.catalina.startup.HostConfig.deployDirectory Deployment of web application directory [C:\Users\Sampada\Desktop\Student Mgnt Sys Project\apache-tomcat-10.0.12\webapps\host-manager] has finished in [169] ms
10-Nov-2021 13:40:04.788 INFO [main] org.apache.catalina.startup.HostConfig.deployDirectory Deploying web application directory [C:\Users\Sampada\Desktop\Student Mgnt Sys Project\apache-tomcat-10.0.12\webapps\manager]
10-Nov-2021 13:40:04.914 INFO [main] org.apache.catalina.startup.HostConfig.deployDirectory Deployment of web application directory [C:\Users\Sampada\Desktop\Student Mgnt Sys Project\apache-tomcat-10.0.12\webapps\manager] has finished in [127] ms
10-Nov-2021 13:40:04.915 INFO [main] org.apache.catalina.startup.HostConfig.deployDirectory Deploying web application directory [C:\Users\Sampada\Desktop\Student Mgnt Sys Project\apache-tomcat-10.0.12\webapps\ROOT]
10-Nov-2021 13:40:04.991 INFO [main] org.apache.catalina.startup.HostConfig.deployDirectory Deployment of web application directory [C:\Users\Sampada\Desktop\Student Mgnt Sys Project\apache-tomcat-10.0.12\webapps\ROOT] has finished in [75] ms
10-Nov-2021 13:40:05.006 INFO [main] org.apache.catalina.startup.Catalina.start Server startup in [3334] milliseconds
10-Nov-2021 13:43:55.202 SEVERE [main] org.apache.catalina.startup.Catalina.stopServer Could not contact [localhost:8005] (base port [8005] and offset [0]). Tomcat may not be running.
10-Nov-2021 13:44:02.533 INFO [main] org.apache.catalina.startup.VersionLoggerListener.log Server version name:   Apache Tomcat/10.0.12
10-Nov-2021 13:44:02.537 INFO [main] org.apache.catalina.startup.VersionLoggerListener.log Server built:          Sep 28 2021 13:34:21 UTC
10-Nov-2021 13:44:02.538 INFO [main] org.apache.catalina.startup.VersionLoggerListener.log Server version number: 10.0.12.0
10-Nov-2021 13:44:02.538 INFO [main] org.apache.catalina.startup.VersionLoggerListener.log OS Name:               Windows 10
10-Nov-2021 13:44:02.538 INFO [main] org.apache.catalina.startup.VersionLoggerListener.log OS Version:            10.0
10-Nov-2021 13:44:02.538 INFO [main] org.apache.catalina.startup.VersionLoggerListener.log Architecture:          amd64
10-Nov-2021 13:44:02.539 INFO [main] org.apache.catalina.startup.VersionLoggerListener.log Java Home:             C:\Program Files\Java\jdk1.8.0_261\jre
10-Nov-2021 13:44:02.539 INFO [main] org.apache.catalina.startup.VersionLoggerListener.log JVM Version:           1.8.0_261-b12
10-Nov-2021 13:44:02.539 INFO [main] org.apache.catalina.startup.VersionLoggerListener.log JVM Vendor:            Oracle Corporation
10-Nov-2021 13:44:02.539 INFO [main] org.apache.catalina.startup.VersionLoggerListener.log CATALINA_BASE:         C:\Users\Sampada\Desktop\Student Mgnt Sys Project\apache-tomcat-10.0.12
10-Nov-2021 13:44:02.539 INFO [main] org.apache.catalina.startup.VersionLoggerListener.log CATALINA_HOME:         C:\Users\Sampada\Desktop\Student Mgnt Sys Project\apache-tomcat-10.0.12
10-Nov-2021 13:44:02.541 INFO [main] org.apache.catalina.startup.VersionLoggerListener.log Command line argument: -Djava.util.logging.config.file=C:\Users\Sampada\Desktop\Student Mgnt Sys Project\apache-tomcat-10.0.12\conf\logging.properties
10-Nov-2021 13:44:02.541 INFO [main] org.apache.catalina.startup.VersionLoggerListener.log Command line argument: -Djava.util.logging.manager=org.apache.juli.ClassLoaderLogManager
10-Nov-2021 13:44:02.541 INFO [main] org.apache.catalina.startup.VersionLoggerListener.log Command line argument: -Djdk.tls.ephemeralDHKeySize=2048
10-Nov-2021 13:44:02.542 INFO [main] org.apache.catalina.startup.VersionLoggerListener.log Command line argument: -Djava.protocol.handler.pkgs=org.apache.catalina.webresources
10-Nov-2021 13:44:02.542 INFO [main] org.apache.catalina.startup.VersionLoggerListener.log Command line argument: -Dignore.endorsed.dirs=
10-Nov-2021 13:44:02.542 INFO [main] org.apache.catalina.startup.VersionLoggerListener.log Command line argument: -Dcatalina.base=C:\Users\Sampada\Desktop\Student Mgnt Sys Project\apache-tomcat-10.0.12
10-Nov-2021 13:44:02.543 INFO [main] org.apache.catalina.startup.VersionLoggerListener.log Command line argument: -Dcatalina.home=C:\Users\Sampada\Desktop\Student Mgnt Sys Project\apache-tomcat-10.0.12
10-Nov-2021 13:44:02.544 INFO [main] org.apache.catalina.startup.VersionLoggerListener.log Command line argument: -Djava.io.tmpdir=C:\Users\Sampada\Desktop\Student Mgnt Sys Project\apache-tomcat-10.0.12\temp
10-Nov-2021 13:44:02.555 INFO [main] org.apache.catalina.core.AprLifecycleListener.lifecycleEvent Loaded Apache Tomcat Native library [1.2.31] using APR version [1.7.0].
10-Nov-2021 13:44:02.558 INFO [main] org.apache.catalina.core.AprLifecycleListener.lifecycleEvent APR capabilities: IPv6 [true], sendfile [true], accept filters [false], random [true], UDS [true].
10-Nov-2021 13:44:02.572 INFO [main] org.apache.catalina.core.AprLifecycleListener.initializeSSL OpenSSL successfully initialized [OpenSSL 1.1.1l  24 Aug 2021]
10-Nov-2021 13:44:03.713 INFO [main] org.apache.coyote.AbstractProtocol.init Initializing ProtocolHandler ["http-nio-8083"]
10-Nov-2021 13:44:03.826 INFO [main] org.apache.catalina.startup.Catalina.load Server initialization in [1786] milliseconds
10-Nov-2021 13:44:03.879 INFO [main] org.apache.catalina.core.StandardService.startInternal Starting service [Catalina]
10-Nov-2021 13:44:03.879 INFO [main] org.apache.catalina.core.StandardEngine.startInternal Starting Servlet engine: [Apache Tomcat/10.0.12]
10-Nov-2021 13:44:03.906 INFO [main] org.apache.catalina.startup.HostConfig.deployDirectory Deploying web application directory [C:\Users\Sampada\Desktop\Student Mgnt Sys Project\apache-tomcat-10.0.12\webapps\docs]
10-Nov-2021 13:44:04.788 WARNING [main] org.apache.catalina.util.SessionIdGeneratorBase.createSecureRandom Creation of SecureRandom instance for session ID generation using [SHA1PRNG] took [288] milliseconds.
10-Nov-2021 13:44:04.840 INFO [main] org.apache.catalina.startup.HostConfig.deployDirectory Deployment of web application directory [C:\Users\Sampada\Desktop\Student Mgnt Sys Project\apache-tomcat-10.0.12\webapps\docs] has finished in [934] ms
10-Nov-2021 13:44:04.840 INFO [main] org.apache.catalina.startup.HostConfig.deployDirectory Deploying web application directory [C:\Users\Sampada\Desktop\Student Mgnt Sys Project\apache-tomcat-10.0.12\webapps\examples]
10-Nov-2021 13:44:05.979 INFO [main] org.apache.catalina.startup.HostConfig.deployDirectory Deployment of web application directory [C:\Users\Sampada\Desktop\Student Mgnt Sys Project\apache-tomcat-10.0.12\webapps\examples] has finished in [1,139] ms
10-Nov-2021 13:44:05.980 INFO [main] org.apache.catalina.startup.HostConfig.deployDirectory Deploying web application directory [C:\Users\Sampada\Desktop\Student Mgnt Sys Project\apache-tomcat-10.0.12\webapps\host-manager]
10-Nov-2021 13:44:06.154 INFO [main] org.apache.catalina.startup.HostConfig.deployDirectory Deployment of web application directory [C:\Users\Sampada\Desktop\Student Mgnt Sys Project\apache-tomcat-10.0.12\webapps\host-manager] has finished in [174] ms
10-Nov-2021 13:44:06.160 INFO [main] org.apache.catalina.startup.HostConfig.deployDirectory Deploying web application directory [C:\Users\Sampada\Desktop\Student Mgnt Sys Project\apache-tomcat-10.0.12\webapps\manager]
10-Nov-2021 13:44:06.308 INFO [main] org.apache.catalina.startup.HostConfig.deployDirectory Deployment of web application directory [C:\Users\Sampada\Desktop\Student Mgnt Sys Project\apache-tomcat-10.0.12\webapps\manager] has finished in [148] ms
10-Nov-2021 13:44:06.311 INFO [main] org.apache.catalina.startup.HostConfig.deployDirectory Deploying web application directory [C:\Users\Sampada\Desktop\Student Mgnt Sys Project\apache-tomcat-10.0.12\webapps\ROOT]
10-Nov-2021 13:44:06.453 INFO [main] org.apache.catalina.startup.HostConfig.deployDirectory Deployment of web application directory [C:\Users\Sampada\Desktop\Student Mgnt Sys Project\apache-tomcat-10.0.12\webapps\ROOT] has finished in [142] ms
10-Nov-2021 13:44:06.525 INFO [main] org.apache.coyote.AbstractProtocol.start Starting ProtocolHandler ["http-nio-8083"]
10-Nov-2021 13:44:06.648 INFO [main] org.apache.catalina.startup.Catalina.start Server startup in [2821] milliseconds
10-Nov-2021 13:45:17.052 INFO [Catalina-utility-1] org.apache.catalina.startup.HostConfig.deployWAR Deploying web application archive [C:\Users\Sampada\Desktop\Student Mgnt Sys Project\apache-tomcat-10.0.12\webapps\sms.war]
10-Nov-2021 13:45:30.694 INFO [Catalina-utility-1] org.apache.jasper.servlet.TldScanner.scanJars At least one JAR was scanned for TLDs yet contained no TLDs. Enable debug logging for this logger for a complete list of JARs that were scanned but no TLDs were found in them. Skipping unneeded JARs during scanning can improve startup time and JSP compilation time.
10-Nov-2021 13:45:30.886 INFO [Catalina-utility-1] org.apache.catalina.startup.HostConfig.deployWAR Deployment of web application archive [C:\Users\Sampada\Desktop\Student Mgnt Sys Project\apache-tomcat-10.0.12\webapps\sms.war] has finished in [13,823] ms
10-Nov-2021 13:58:57.521 INFO [Catalina-utility-2] org.apache.catalina.startup.HostConfig.undeploy Undeploying context [/sms]
10-Nov-2021 13:59:08.015 INFO [Catalina-utility-1] org.apache.catalina.startup.HostConfig.deployWAR Deploying web application archive [C:\Users\Sampada\Desktop\Student Mgnt Sys Project\apache-tomcat-10.0.12\webapps\sms.war]
10-Nov-2021 13:59:11.489 INFO [Catalina-utility-1] org.apache.jasper.servlet.TldScanner.scanJars At least one JAR was scanned for TLDs yet contained no TLDs. Enable debug logging for this logger for a complete list of JARs that were scanned but no TLDs were found in them. Skipping unneeded JARs during scanning can improve startup time and JSP compilation time.
10-Nov-2021 13:59:11.498 INFO [Catalina-utility-1] org.apache.catalina.startup.HostConfig.deployWAR Deployment of web application archive [C:\Users\Sampada\Desktop\Student Mgnt Sys Project\apache-tomcat-10.0.12\webapps\sms.war] has finished in [3,484] ms
10-Nov-2021 17:23:29.898 INFO [Catalina-utility-2] org.apache.catalina.startup.HostConfig.undeploy Undeploying context [/sms]
